<?xml version="1.0" encoding="UTF-8"?>
<testsuite xmlns:xsi="http://www.w3.org/2001/XMLSchema-instance" xsi:noNamespaceSchemaLocation="https://maven.apache.org/surefire/maven-surefire-plugin/xsd/surefire-test-report-3.0.xsd" version="3.0" name="OrderTest" time="0.333" tests="2" errors="0" skipped="0" failures="2">
  <properties>
[...]
</properties>
  <testcase name="testDeleteOrder" classname="OrderTest" time="0.043">
    <failure message="Unexpected exception thrown: org.postgresql.util.PSQLException: ERROR: null value in column &quot;worker_id&quot; of relation &quot;orders&quot; violates not-null constraint&#10;  Detail: Failing row contains (40, 2025-05-16, 0, Pending, 2, null, null)." type="org.opentest4j.AssertionFailedError"><![CDATA[org.opentest4j.AssertionFailedError: 
Unexpected exception thrown: org.postgresql.util.PSQLException: ERROR: null value in column "worker_id" of relation "orders" violates not-null constraint
  Detail: Failing row contains (40, 2025-05-16, 0, Pending, 2, null, null).
	at org.junit.jupiter.api.AssertionFailureBuilder.build(AssertionFailureBuilder.java:152)
	at org.junit.jupiter.api.AssertDoesNotThrow.createAssertionFailedError(AssertDoesNotThrow.java:84)
	at org.junit.jupiter.api.AssertDoesNotThrow.assertDoesNotThrow(AssertDoesNotThrow.java:53)
	at org.junit.jupiter.api.AssertDoesNotThrow.assertDoesNotThrow(AssertDoesNotThrow.java:36)
	at org.junit.jupiter.api.Assertions.assertDoesNotThrow(Assertions.java:3168)
	at OrderTest.testDeleteOrder(OrderTest.java:45)
	at java.base/java.lang.reflect.Method.invoke(Method.java:569)
	at java.base/java.util.ArrayList.forEach(ArrayList.java:1511)
	at java.base/java.util.ArrayList.forEach(ArrayList.java:1511)
Caused by: org.postgresql.util.PSQLException: ERROR: null value in column "worker_id" of relation "orders" violates not-null constraint
  Detail: Failing row contains (40, 2025-05-16, 0, Pending, 2, null, null).
	at org.postgresql.core.v3.QueryExecutorImpl.receiveErrorResponse(QueryExecutorImpl.java:2725)
	at org.postgresql.core.v3.QueryExecutorImpl.processResults(QueryExecutorImpl.java:2412)
	at org.postgresql.core.v3.QueryExecutorImpl.execute(QueryExecutorImpl.java:371)
	at org.postgresql.jdbc.PgStatement.executeInternal(PgStatement.java:502)
	at org.postgresql.jdbc.PgStatement.execute(PgStatement.java:419)
	at org.postgresql.jdbc.PgPreparedStatement.executeWithFlags(PgPreparedStatement.java:194)
	at org.postgresql.jdbc.PgPreparedStatement.executeUpdate(PgPreparedStatement.java:155)
	at com.zaxxer.hikari.pool.ProxyPreparedStatement.executeUpdate(ProxyPreparedStatement.java:61)
	at com.zaxxer.hikari.pool.HikariProxyPreparedStatement.executeUpdate(HikariProxyPreparedStatement.java)
	at app.persistence.OrderMapper.createOrder(OrderMapper.java:34)
	at app.controllers.OrderController.createOrder(OrderController.java:67)
	at OrderTest.lambda$testDeleteOrder$1(OrderTest.java:46)
	at org.junit.jupiter.api.AssertDoesNotThrow.assertDoesNotThrow(AssertDoesNotThrow.java:49)
	... 6 more
]]></failure>
    <system-err><![CDATA[May 16, 2025 1:08:45 AM app.persistence.ConnectionPool createHikariConnectionPool
INFO: Connection Pool created for: (postgres, postgres, jdbc:postgresql://localhost:5432/%s?currentSchema=public, carport)
[main] INFO com.zaxxer.hikari.HikariDataSource - Postgresql Pool - Starting...
[main] INFO com.zaxxer.hikari.pool.HikariPool - Postgresql Pool - Added connection org.postgresql.jdbc.PgConnection@7dc19a70
[main] INFO com.zaxxer.hikari.HikariDataSource - Postgresql Pool - Start completed.
]]></system-err>
  </testcase>
  <testcase name="testCreateOrder" classname="OrderTest" time="0.004">
    <failure message="Unexpected exception thrown: org.postgresql.util.PSQLException: ERROR: null value in column &quot;worker_id&quot; of relation &quot;orders&quot; violates not-null constraint&#10;  Detail: Failing row contains (41, 2025-05-16, 0, Pending, 1, null, null)." type="org.opentest4j.AssertionFailedError"><![CDATA[org.opentest4j.AssertionFailedError: 
Unexpected exception thrown: org.postgresql.util.PSQLException: ERROR: null value in column "worker_id" of relation "orders" violates not-null constraint
  Detail: Failing row contains (41, 2025-05-16, 0, Pending, 1, null, null).
	at org.junit.jupiter.api.AssertionFailureBuilder.build(AssertionFailureBuilder.java:152)
	at org.junit.jupiter.api.AssertDoesNotThrow.createAssertionFailedError(AssertDoesNotThrow.java:84)
	at org.junit.jupiter.api.AssertDoesNotThrow.assertDoesNotThrow(AssertDoesNotThrow.java:53)
	at org.junit.jupiter.api.AssertDoesNotThrow.assertDoesNotThrow(AssertDoesNotThrow.java:36)
	at org.junit.jupiter.api.Assertions.assertDoesNotThrow(Assertions.java:3168)
	at OrderTest.testCreateOrder(OrderTest.java:34)
	at java.base/java.lang.reflect.Method.invoke(Method.java:569)
	at java.base/java.util.ArrayList.forEach(ArrayList.java:1511)
	at java.base/java.util.ArrayList.forEach(ArrayList.java:1511)
Caused by: org.postgresql.util.PSQLException: ERROR: null value in column "worker_id" of relation "orders" violates not-null constraint
  Detail: Failing row contains (41, 2025-05-16, 0, Pending, 1, null, null).
	at org.postgresql.core.v3.QueryExecutorImpl.receiveErrorResponse(QueryExecutorImpl.java:2725)
	at org.postgresql.core.v3.QueryExecutorImpl.processResults(QueryExecutorImpl.java:2412)
	at org.postgresql.core.v3.QueryExecutorImpl.execute(QueryExecutorImpl.java:371)
	at org.postgresql.jdbc.PgStatement.executeInternal(PgStatement.java:502)
	at org.postgresql.jdbc.PgStatement.execute(PgStatement.java:419)
	at org.postgresql.jdbc.PgPreparedStatement.executeWithFlags(PgPreparedStatement.java:194)
	at org.postgresql.jdbc.PgPreparedStatement.executeUpdate(PgPreparedStatement.java:155)
	at com.zaxxer.hikari.pool.ProxyPreparedStatement.executeUpdate(ProxyPreparedStatement.java:61)
	at com.zaxxer.hikari.pool.HikariProxyPreparedStatement.executeUpdate(HikariProxyPreparedStatement.java)
	at app.persistence.OrderMapper.createOrder(OrderMapper.java:34)
	at app.controllers.OrderController.createOrder(OrderController.java:67)
	at OrderTest.lambda$testCreateOrder$0(OrderTest.java:35)
	at org.junit.jupiter.api.AssertDoesNotThrow.assertDoesNotThrow(AssertDoesNotThrow.java:49)
	... 6 more
]]></failure>
  </testcase>
</testsuite>